app/build/intermediates/manifest_merge_blame_file/debug/processDebugMainManifest/manifest-merger-blame-debug-report.txt
1<?xml version="1.0" encoding="utf-8"?>
2<manifest xmlns:android="http://schemas.android.com/apk/res/android"
3    package="com.achunt.polarclock"
4    android:versionCode="1"
5    android:versionName="1.0" >
6
7    <uses-sdk
8        android:minSdkVersion="33"
9        android:targetSdkVersion="35" />
10
11    <uses-feature android:name="android.software.live_wallpaper" />
11-->src\main\AndroidManifest.xml:5:5-68
11-->src\main\AndroidManifest.xml:5:19-65
12
13    <permission
13-->[androidx.core:core:1.16.0] AndroidManifest.xml:22:5-24:47
14        android:name="com.achunt.polarclock.DYNAMIC_RECEIVER_NOT_EXPORTED_PERMISSION"
14-->[androidx.core:core:1.16.0] AndroidManifest.xml:23:9-81
15        android:protectionLevel="signature" />
15-->[androidx.core:core:1.16.0] AndroidManifest.xml:24:9-44
16
17    <uses-permission android:name="com.achunt.polarclock.DYNAMIC_RECEIVER_NOT_EXPORTED_PERMISSION" />
17-->[androidx.core:core:1.16.0] AndroidManifest.xml:26:5-97
17-->[androidx.core:core:1.16.0] AndroidManifest.xml:26:22-94
18
19    <application
19-->src\main\AndroidManifest.xml:7:5-51:19
20        android:allowBackup="true"
20-->src\main\AndroidManifest.xml:8:9-35
21        android:appComponentFactory="androidx.core.app.CoreComponentFactory"
21-->[androidx.core:core:1.16.0] AndroidManifest.xml:28:18-86
22        android:dataExtractionRules="@xml/data_extraction_rules"
22-->src\main\AndroidManifest.xml:9:9-65
23        android:debuggable="true"
24        android:extractNativeLibs="false"
25        android:fullBackupContent="@xml/backup_rules"
25-->src\main\AndroidManifest.xml:10:9-54
26        android:icon="@mipmap/ic_launcher"
26-->src\main\AndroidManifest.xml:11:9-43
27        android:label="@string/app_name"
27-->src\main\AndroidManifest.xml:12:9-41
28        android:roundIcon="@mipmap/ic_launcher_round"
28-->src\main\AndroidManifest.xml:13:9-54
29        android:supportsRtl="true"
29-->src\main\AndroidManifest.xml:14:9-35
30        android:testOnly="true"
31        android:theme="@style/Theme.PolarClock" >
31-->src\main\AndroidManifest.xml:15:9-48
32        <activity
32-->src\main\AndroidManifest.xml:18:5-24:16
33            android:name="com.achunt.polarclock.PolarClockSettingsActivity"
33-->src\main\AndroidManifest.xml:20:9-72
34            android:enabled="@bool/config_enable_polar_clock_wallpaper"
34-->src\main\AndroidManifest.xml:23:9-68
35            android:exported="true"
35-->src\main\AndroidManifest.xml:22:9-32
36            android:label="@string/clock_settings"
36-->src\main\AndroidManifest.xml:19:9-47
37            android:theme="@style/Theme.PolarClock" >
37-->src\main\AndroidManifest.xml:21:9-48
38        </activity>
39
40        <service
40-->src\main\AndroidManifest.xml:26:5-50:15
41            android:name="com.achunt.polarclock.PolarClockWallpaper"
41-->src\main\AndroidManifest.xml:29:9-65
42            android:enabled="@bool/config_enable_polar_clock_wallpaper"
42-->src\main\AndroidManifest.xml:31:9-68
43            android:exported="true"
43-->src\main\AndroidManifest.xml:27:9-32
44            android:label="@string/wallpaper_clock"
44-->src\main\AndroidManifest.xml:28:9-48
45            android:permission="android.permission.BIND_WALLPAPER"
45-->src\main\AndroidManifest.xml:30:9-63
46            android:settingsActivity=".PolarClockSettingsActivity" >
46-->src\main\AndroidManifest.xml:32:9-63
47            <intent-filter>
47-->src\main\AndroidManifest.xml:33:9-35:25
48                <action android:name="android.service.wallpaper.WallpaperService" />
48-->src\main\AndroidManifest.xml:34:13-81
48-->src\main\AndroidManifest.xml:34:21-78
49            </intent-filter>
50
51            <meta-data
51-->src\main\AndroidManifest.xml:36:9-37:51
52                android:name="android.service.wallpaper"
52-->src\main\AndroidManifest.xml:36:20-60
53                android:resource="@xml/polar_clock" />
53-->src\main\AndroidManifest.xml:37:13-48
54            <meta-data
54-->src\main\AndroidManifest.xml:38:9-39:59
55                android:name="android.wallpaper.settings"
55-->src\main\AndroidManifest.xml:38:20-61
56                android:value=".PolarClockSettingsActivity" />
56-->src\main\AndroidManifest.xml:39:13-56
57            <meta-data
57-->src\main\AndroidManifest.xml:40:9-41:61
58                android:name="android.wallpaper.preview"
58-->src\main\AndroidManifest.xml:40:20-60
59                android:resource="@drawable/polarclock_thumb" />
59-->src\main\AndroidManifest.xml:41:13-58
60            <meta-data
60-->src\main\AndroidManifest.xml:42:9-43:59
61                android:name="android.settingsActivity"
61-->src\main\AndroidManifest.xml:42:20-59
62                android:value=".PolarClockSettingsActivity" />
62-->src\main\AndroidManifest.xml:43:13-56
63            <meta-data
63-->src\main\AndroidManifest.xml:44:9-45:59
64                android:name="com.android.wallpaper.settings"
64-->src\main\AndroidManifest.xml:44:20-65
65                android:value=".PolarClockSettingsActivity" />
65-->src\main\AndroidManifest.xml:45:13-56
66            <meta-data
66-->src\main\AndroidManifest.xml:46:9-47:59
67                android:name="settingsActivity"
67-->src\main\AndroidManifest.xml:46:20-51
68                android:value=".PolarClockSettingsActivity" />
68-->src\main\AndroidManifest.xml:47:13-56
69            <meta-data
69-->src\main\AndroidManifest.xml:48:9-49:59
70                android:name="android:settingsActivity"
70-->src\main\AndroidManifest.xml:48:20-59
71                android:value=".PolarClockSettingsActivity" />
71-->src\main\AndroidManifest.xml:49:13-56
72        </service>
73
74        <provider
74-->[androidx.emoji2:emoji2:1.3.0] AndroidManifest.xml:24:9-32:20
75            android:name="androidx.startup.InitializationProvider"
75-->[androidx.emoji2:emoji2:1.3.0] AndroidManifest.xml:25:13-67
76            android:authorities="com.achunt.polarclock.androidx-startup"
76-->[androidx.emoji2:emoji2:1.3.0] AndroidManifest.xml:26:13-68
77            android:exported="false" >
77-->[androidx.emoji2:emoji2:1.3.0] AndroidManifest.xml:27:13-37
78            <meta-data
78-->[androidx.emoji2:emoji2:1.3.0] AndroidManifest.xml:29:13-31:52
79                android:name="androidx.emoji2.text.EmojiCompatInitializer"
79-->[androidx.emoji2:emoji2:1.3.0] AndroidManifest.xml:30:17-75
80                android:value="androidx.startup" />
80-->[androidx.emoji2:emoji2:1.3.0] AndroidManifest.xml:31:17-49
81            <meta-data
81-->[androidx.lifecycle:lifecycle-process:2.6.2] AndroidManifest.xml:29:13-31:52
82                android:name="androidx.lifecycle.ProcessLifecycleInitializer"
82-->[androidx.lifecycle:lifecycle-process:2.6.2] AndroidManifest.xml:30:17-78
83                android:value="androidx.startup" />
83-->[androidx.lifecycle:lifecycle-process:2.6.2] AndroidManifest.xml:31:17-49
84            <meta-data
84-->[androidx.profileinstaller:profileinstaller:1.3.1] AndroidManifest.xml:29:13-31:52
85                android:name="androidx.profileinstaller.ProfileInstallerInitializer"
85-->[androidx.profileinstaller:profileinstaller:1.3.1] AndroidManifest.xml:30:17-85
86                android:value="androidx.startup" />
86-->[androidx.profileinstaller:profileinstaller:1.3.1] AndroidManifest.xml:31:17-49
87        </provider>
88
89        <uses-library
89-->[androidx.window:window:1.0.0] AndroidManifest.xml:25:9-27:40
90            android:name="androidx.window.extensions"
90-->[androidx.window:window:1.0.0] AndroidManifest.xml:26:13-54
91            android:required="false" />
91-->[androidx.window:window:1.0.0] AndroidManifest.xml:27:13-37
92        <uses-library
92-->[androidx.window:window:1.0.0] AndroidManifest.xml:28:9-30:40
93            android:name="androidx.window.sidecar"
93-->[androidx.window:window:1.0.0] AndroidManifest.xml:29:13-51
94            android:required="false" />
94-->[androidx.window:window:1.0.0] AndroidManifest.xml:30:13-37
95
96        <receiver
96-->[androidx.profileinstaller:profileinstaller:1.3.1] AndroidManifest.xml:34:9-52:20
97            android:name="androidx.profileinstaller.ProfileInstallReceiver"
97-->[androidx.profileinstaller:profileinstaller:1.3.1] AndroidManifest.xml:35:13-76
98            android:directBootAware="false"
98-->[androidx.profileinstaller:profileinstaller:1.3.1] AndroidManifest.xml:36:13-44
99            android:enabled="true"
99-->[androidx.profileinstaller:profileinstaller:1.3.1] AndroidManifest.xml:37:13-35
100            android:exported="true"
100-->[androidx.profileinstaller:profileinstaller:1.3.1] AndroidManifest.xml:38:13-36
101            android:permission="android.permission.DUMP" >
101-->[androidx.profileinstaller:profileinstaller:1.3.1] AndroidManifest.xml:39:13-57
102            <intent-filter>
102-->[androidx.profileinstaller:profileinstaller:1.3.1] AndroidManifest.xml:40:13-42:29
103                <action android:name="androidx.profileinstaller.action.INSTALL_PROFILE" />
103-->[androidx.profileinstaller:profileinstaller:1.3.1] AndroidManifest.xml:41:17-91
103-->[androidx.profileinstaller:profileinstaller:1.3.1] AndroidManifest.xml:41:25-88
104            </intent-filter>
105            <intent-filter>
105-->[androidx.profileinstaller:profileinstaller:1.3.1] AndroidManifest.xml:43:13-45:29
106                <action android:name="androidx.profileinstaller.action.SKIP_FILE" />
106-->[androidx.profileinstaller:profileinstaller:1.3.1] AndroidManifest.xml:44:17-85
106-->[androidx.profileinstaller:profileinstaller:1.3.1] AndroidManifest.xml:44:25-82
107            </intent-filter>
108            <intent-filter>
108-->[androidx.profileinstaller:profileinstaller:1.3.1] AndroidManifest.xml:46:13-48:29
109                <action android:name="androidx.profileinstaller.action.SAVE_PROFILE" />
109-->[androidx.profileinstaller:profileinstaller:1.3.1] AndroidManifest.xml:47:17-88
109-->[androidx.profileinstaller:profileinstaller:1.3.1] AndroidManifest.xml:47:25-85
110            </intent-filter>
111            <intent-filter>
111-->[androidx.profileinstaller:profileinstaller:1.3.1] AndroidManifest.xml:49:13-51:29
112                <action android:name="androidx.profileinstaller.action.BENCHMARK_OPERATION" />
112-->[androidx.profileinstaller:profileinstaller:1.3.1] AndroidManifest.xml:50:17-95
112-->[androidx.profileinstaller:profileinstaller:1.3.1] AndroidManifest.xml:50:25-92
113            </intent-filter>
114        </receiver>
115    </application>
116
117</manifest>